[18:43:44.174] [INFO] storybook v10.4.1
[18:43:44.532] [DEBUG] Getting package.json info for /Users/marvin.mitchell/react-projects/next-mantine-react-table/package.json...
[18:43:45.211] [INFO] Starting...
[18:43:45.305] [DEBUG] Starting preview..
[18:43:45.315] [INFO] Using implicit CSS loaders
[18:43:45.391] [ERROR] Failed to build the preview
[18:43:45.391] [ERROR] [38;2;241;97;97mError: Cannot find module 'ajv/dist/compile/codegen'
Require stack:
- ./node_modules/ajv-keywords/dist/definitions/typeof.js
- ./node_modules/ajv-keywords/dist/keywords/typeof.js
- ./node_modules/ajv-keywords/dist/keywords/index.js
- ./node_modules/ajv-keywords/dist/index.js
- ./node_modules/schema-utils/dist/validate.js
- ./node_modules/schema-utils/dist/index.js
- ./node_modules/webpack-dev-middleware/dist/index.js[39m
    at Module._resolveFilename (node:internal/modules/cjs/loader:1421:15)
    at defaultResolveImpl (node:internal/modules/cjs/loader:1059:19)
    at resolveForCJSWithHooks (node:internal/modules/cjs/loader:1064:22)
    at Module._load (node:internal/modules/cjs/loader:1227:37)
    at TracingChannel.traceSync (node:diagnostics_channel:328:14)
    at wrapModuleLoad (node:internal/modules/cjs/loader:245:24)
    at Module.require (node:internal/modules/cjs/loader:1504:12)
    at require (node:internal/modules/helpers:152:16)
    at Object.<anonymous> (./node_modules/ajv-keywords/dist/definitions/typeof.js:3:19)
    at Module._compile (node:internal/modules/cjs/loader:1761:14)
[18:43:45.393] [WARN] Broken build, fix the error above.
You may need to refresh the browser.